<?xml version="1.0" encoding="UTF-8"?>
<testsuites name="Test_Suite_1" time="24.375" tests="3" failures="1" errors="0">
   <testsuite name="Test_Suite_1" tests="3" failures="1" errors="0" time="24.375" skipped="0" timestamp="2023-07-07 10:42:06" hostname="fndiaye - mbp-de-fode.home" id="Test Suites/Test_Suite_1">
      <properties>
         <property name="deviceName" value=""/>
         <property name="devicePlatform" value=""/>
         <property name="logFolder" value="/Users/fndiaye/Katalon Studio/GroceryAPI/Reports/20230707_104202/Test_Suite_1/20230707_104202"/>
         <property name="logFiles" value="/Users/fndiaye/Katalon Studio/GroceryAPI/Reports/20230707_104202/Test_Suite_1/20230707_104202/execution0.log"/>
         <property name="attachments" value=""/>
         <property name="hostName" value="fndiaye - mbp-de-fode.home"/>
         <property name="hostAddress" value="192.168.1.7"/>
         <property name="os" value="Mac OS X 64bit"/>
         <property name="katalonVersion" value="8.6.5.208"/>
      </properties>
      <testcase name="Test Cases/Get_a_product" time="5.498" classname="Test Cases/Get_a_product" status="PASSED">
         <system-out><![CDATA[2023-07-07 10:42:06 - [TEST_CASE][PASSED] - Test Cases/Get_a_product: Test Cases/Get_a_product

2023-07-07 10:42:07 - [TEST_STEP][PASSED] - sendRequestAndVerify(findTestObject("GroceryAPI/Products/Get All Products")): Send request and verify the response successfully

2023-07-07 10:42:10 - [MESSAGE][INFO] - HAR: /Users/fndiaye/Katalon Studio/GroceryAPI/Reports/20230707_104202/Test_Suite_1/20230707_104202/requests/main/0.har

2023-07-07 10:42:10 - [TEST_CASE][PASSED] - Start Test Case : Verification: Verification accomplished successfully

2023-07-07 10:42:10 - [TEST_STEP][PASSED] - request = getInstance().getCurrentRequest(): null

2023-07-07 10:42:10 - [TEST_STEP][PASSED] - response = getInstance().getCurrentResponse(): null

2023-07-07 10:42:10 - [TEST_STEP][PASSED] - verifyResponseStatusCode(response, 200): Verify response status code successfully

2023-07-07 10:42:10 - [MESSAGE][PASSED] - Verify response status code successfully

2023-07-07 10:42:10 - [TEST_STEP][PASSED] - getStatusCode()).isEqualTo(200): null

2023-07-07 10:42:10 - [TEST_STEP][PASSED] - productId = getElementPropertyValue(response, "[0].id"): null

2023-07-07 10:42:10 - [TEST_STEP][PASSED] - println("le producID est = " + productId): null

2023-07-07 10:42:10 - [TEST_STEP][PASSED] - productId = getElementPropertyValue(response, "[0].id"): null

2023-07-07 10:42:10 - [MESSAGE][PASSED] - Verify response successfully

2023-07-07 10:42:11 - [MESSAGE][PASSED] - All validation steps have been passed

2023-07-07 10:42:11 - [MESSAGE][PASSED] - Send request and verify the response successfully

2023-07-07 10:42:11 - [TEST_STEP][PASSED] - sendRequestAndVerify(findTestObject("GroceryAPI/Products/Get a product")): Send request and verify the response successfully

2023-07-07 10:42:11 - [MESSAGE][INFO] - HAR: /Users/fndiaye/Katalon Studio/GroceryAPI/Reports/20230707_104202/Test_Suite_1/20230707_104202/requests/main/1.har

2023-07-07 10:42:11 - [TEST_CASE][PASSED] - Start Test Case : Verification: Verification accomplished successfully

2023-07-07 10:42:12 - [TEST_STEP][PASSED] - request = getInstance().getCurrentRequest(): null

2023-07-07 10:42:12 - [TEST_STEP][PASSED] - response = getInstance().getCurrentResponse(): null

2023-07-07 10:42:12 - [TEST_STEP][PASSED] - verifyResponseStatusCode(response, 200): Verify response status code successfully

2023-07-07 10:42:12 - [MESSAGE][PASSED] - Verify response status code successfully

2023-07-07 10:42:12 - [TEST_STEP][PASSED] - getStatusCode()).isEqualTo(200): null

2023-07-07 10:42:12 - [MESSAGE][PASSED] - Verify response successfully

2023-07-07 10:42:12 - [MESSAGE][PASSED] - All validation steps have been passed

2023-07-07 10:42:12 - [MESSAGE][PASSED] - Send request and verify the response successfully]]></system-out>
         <system-err><![CDATA[]]></system-err>
      </testcase>
      <testcase name="Test Cases/Add_cart_to_item" time="6.14" classname="Test Cases/Add_cart_to_item" status="PASSED">
         <system-out><![CDATA[2023-07-07 10:42:12 - [TEST_CASE][PASSED] - Test Cases/Add_cart_to_item: Test Cases/Add_cart_to_item

2023-07-07 10:42:12 - [TEST_STEP][PASSED] - sendRequestAndVerify(findTestObject("GroceryAPI/Products/Get All Products")): Send request and verify the response successfully

2023-07-07 10:42:13 - [MESSAGE][INFO] - HAR: /Users/fndiaye/Katalon Studio/GroceryAPI/Reports/20230707_104202/Test_Suite_1/20230707_104202/requests/main/2.har

2023-07-07 10:42:13 - [TEST_CASE][PASSED] - Start Test Case : Verification: Verification accomplished successfully

2023-07-07 10:42:13 - [TEST_STEP][PASSED] - request = getInstance().getCurrentRequest(): null

2023-07-07 10:42:13 - [TEST_STEP][PASSED] - response = getInstance().getCurrentResponse(): null

2023-07-07 10:42:13 - [TEST_STEP][PASSED] - verifyResponseStatusCode(response, 200): Verify response status code successfully

2023-07-07 10:42:13 - [MESSAGE][PASSED] - Verify response status code successfully

2023-07-07 10:42:13 - [TEST_STEP][PASSED] - getStatusCode()).isEqualTo(200): null

2023-07-07 10:42:13 - [TEST_STEP][PASSED] - productId = getElementPropertyValue(response, "[0].id"): null

2023-07-07 10:42:13 - [TEST_STEP][PASSED] - println("le producID est = " + productId): null

2023-07-07 10:42:13 - [TEST_STEP][PASSED] - productId = getElementPropertyValue(response, "[0].id"): null

2023-07-07 10:42:13 - [MESSAGE][PASSED] - Verify response successfully

2023-07-07 10:42:13 - [MESSAGE][PASSED] - All validation steps have been passed

2023-07-07 10:42:13 - [MESSAGE][PASSED] - Send request and verify the response successfully

2023-07-07 10:42:13 - [TEST_STEP][PASSED] - sendRequestAndVerify(findTestObject("GroceryAPI/Products/Get a product")): Send request and verify the response successfully

2023-07-07 10:42:14 - [MESSAGE][INFO] - HAR: /Users/fndiaye/Katalon Studio/GroceryAPI/Reports/20230707_104202/Test_Suite_1/20230707_104202/requests/main/3.har

2023-07-07 10:42:14 - [TEST_CASE][PASSED] - Start Test Case : Verification: Verification accomplished successfully

2023-07-07 10:42:14 - [TEST_STEP][PASSED] - request = getInstance().getCurrentRequest(): null

2023-07-07 10:42:14 - [TEST_STEP][PASSED] - response = getInstance().getCurrentResponse(): null

2023-07-07 10:42:14 - [TEST_STEP][PASSED] - verifyResponseStatusCode(response, 200): Verify response status code successfully

2023-07-07 10:42:14 - [MESSAGE][PASSED] - Verify response status code successfully

2023-07-07 10:42:14 - [TEST_STEP][PASSED] - getStatusCode()).isEqualTo(200): null

2023-07-07 10:42:14 - [MESSAGE][PASSED] - Verify response successfully

2023-07-07 10:42:14 - [MESSAGE][PASSED] - All validation steps have been passed

2023-07-07 10:42:14 - [MESSAGE][PASSED] - Send request and verify the response successfully

2023-07-07 10:42:14 - [TEST_STEP][PASSED] - sendRequestAndVerify(findTestObject("GroceryAPI/Cart/Create a new cart")): Send request and verify the response successfully

2023-07-07 10:42:15 - [MESSAGE][INFO] - HAR: /Users/fndiaye/Katalon Studio/GroceryAPI/Reports/20230707_104202/Test_Suite_1/20230707_104202/requests/main/4.har

2023-07-07 10:42:15 - [TEST_CASE][PASSED] - Start Test Case : Verification: Verification accomplished successfully

2023-07-07 10:42:15 - [TEST_STEP][PASSED] - request = getInstance().getCurrentRequest(): null

2023-07-07 10:42:15 - [TEST_STEP][PASSED] - response = getInstance().getCurrentResponse(): null

2023-07-07 10:42:15 - [TEST_STEP][PASSED] - verifyResponseStatusCode(response, 201): Verify response status code successfully

2023-07-07 10:42:15 - [MESSAGE][PASSED] - Verify response status code successfully

2023-07-07 10:42:15 - [TEST_STEP][PASSED] - getStatusCode()).isEqualTo(201): null

2023-07-07 10:42:15 - [TEST_STEP][PASSED] - cartId = getElementPropertyValue(response, "cartId"): null

2023-07-07 10:42:15 - [TEST_STEP][PASSED] - println("the cardId = " + cartId): null

2023-07-07 10:42:15 - [MESSAGE][PASSED] - Verify response successfully

2023-07-07 10:42:15 - [MESSAGE][PASSED] - All validation steps have been passed

2023-07-07 10:42:15 - [MESSAGE][PASSED] - Send request and verify the response successfully

2023-07-07 10:42:15 - [TEST_STEP][PASSED] - sendRequestAndVerify(findTestObject("GroceryAPI/Cart/Add an item to cart")): Send request and verify the response successfully

2023-07-07 10:42:16 - [MESSAGE][INFO] - HAR: /Users/fndiaye/Katalon Studio/GroceryAPI/Reports/20230707_104202/Test_Suite_1/20230707_104202/requests/main/5.har

2023-07-07 10:42:16 - [TEST_CASE][PASSED] - Start Test Case : Verification: Verification accomplished successfully

2023-07-07 10:42:16 - [TEST_STEP][PASSED] - request = getInstance().getCurrentRequest(): null

2023-07-07 10:42:16 - [TEST_STEP][PASSED] - response = getInstance().getCurrentResponse(): null

2023-07-07 10:42:16 - [TEST_STEP][PASSED] - itemId = getElementPropertyValue(response, "itemId"): null

2023-07-07 10:42:16 - [TEST_STEP][PASSED] - verifyResponseStatusCode(response, 201): Verify response status code successfully

2023-07-07 10:42:16 - [MESSAGE][PASSED] - Verify response status code successfully

2023-07-07 10:42:16 - [TEST_STEP][PASSED] - getStatusCode()).isEqualTo(201): null

2023-07-07 10:42:16 - [MESSAGE][PASSED] - Verify response successfully

2023-07-07 10:42:16 - [MESSAGE][PASSED] - All validation steps have been passed

2023-07-07 10:42:16 - [MESSAGE][PASSED] - Send request and verify the response successfully

2023-07-07 10:42:16 - [TEST_STEP][PASSED] - sendRequestAndVerify(findTestObject("GroceryAPI/Cart/Get cart items")): Send request and verify the response successfully

2023-07-07 10:42:17 - [MESSAGE][INFO] - HAR: /Users/fndiaye/Katalon Studio/GroceryAPI/Reports/20230707_104202/Test_Suite_1/20230707_104202/requests/main/6.har

2023-07-07 10:42:17 - [TEST_CASE][PASSED] - Start Test Case : Verification: Verification accomplished successfully

2023-07-07 10:42:17 - [TEST_STEP][PASSED] - request = getInstance().getCurrentRequest(): null

2023-07-07 10:42:17 - [TEST_STEP][PASSED] - response = getInstance().getCurrentResponse(): null

2023-07-07 10:42:17 - [TEST_STEP][PASSED] - verifyResponseStatusCode(response, 200): Verify response status code successfully

2023-07-07 10:42:17 - [MESSAGE][PASSED] - Verify response status code successfully

2023-07-07 10:42:17 - [TEST_STEP][PASSED] - getStatusCode()).isEqualTo(200): null

2023-07-07 10:42:17 - [MESSAGE][PASSED] - Verify response successfully

2023-07-07 10:42:17 - [MESSAGE][PASSED] - All validation steps have been passed

2023-07-07 10:42:17 - [MESSAGE][PASSED] - Send request and verify the response successfully

2023-07-07 10:42:17 - [TEST_STEP][PASSED] - sendRequestAndVerify(findTestObject("GroceryAPI/Cart/Get a cart")): Send request and verify the response successfully

2023-07-07 10:42:18 - [MESSAGE][INFO] - HAR: /Users/fndiaye/Katalon Studio/GroceryAPI/Reports/20230707_104202/Test_Suite_1/20230707_104202/requests/main/7.har

2023-07-07 10:42:18 - [TEST_CASE][PASSED] - Start Test Case : Verification: Verification accomplished successfully

2023-07-07 10:42:18 - [TEST_STEP][PASSED] - request = getInstance().getCurrentRequest(): null

2023-07-07 10:42:18 - [TEST_STEP][PASSED] - response = getInstance().getCurrentResponse(): null

2023-07-07 10:42:18 - [TEST_STEP][PASSED] - verifyResponseStatusCode(response, 200): Verify response status code successfully

2023-07-07 10:42:18 - [MESSAGE][PASSED] - Verify response status code successfully

2023-07-07 10:42:18 - [TEST_STEP][PASSED] - getStatusCode()).isEqualTo(200): null

2023-07-07 10:42:18 - [MESSAGE][PASSED] - Verify response successfully

2023-07-07 10:42:18 - [MESSAGE][PASSED] - All validation steps have been passed

2023-07-07 10:42:18 - [MESSAGE][PASSED] - Send request and verify the response successfully]]></system-out>
         <system-err><![CDATA[]]></system-err>
      </testcase>
      <testcase name="Test Cases/Create_order - Copy" time="2.847" classname="Test Cases/Create_order - Copy" status="FAILED">
         <failure type="FAILED" message="Test Cases/Create_order - Copy FAILED.
Reason:
com.kms.katalon.core.exception.StepFailedException: Expected status code is '200' but actual status code is '401'
	at com.kms.katalon.core.keyword.internal.KeywordMain.stepFailed(KeywordMain.groovy:51)
	at com.kms.katalon.core.webservice.keyword.builtin.VerifyResponseStatusCodeKeyword.verifyStatusCode(VerifyResponseStatusCodeKeyword.groovy:52)
	at com.kms.katalon.core.webservice.keyword.builtin.VerifyResponseStatusCodeKeyword.access$1(VerifyResponseStatusCodeKeyword.groovy)
	at com.kms.katalon.core.webservice.keyword.builtin.VerifyResponseStatusCodeKeyword$_verifyResponseStatusCode_closure1.doCall(VerifyResponseStatusCodeKeyword.groovy:42)
	at com.kms.katalon.core.webservice.keyword.builtin.VerifyResponseStatusCodeKeyword$_verifyResponseStatusCode_closure1.call(VerifyResponseStatusCodeKeyword.groovy)
	at com.kms.katalon.core.keyword.internal.KeywordMain.runKeyword(KeywordMain.groovy:75)
	at com.kms.katalon.core.webservice.keyword.builtin.VerifyResponseStatusCodeKeyword.verifyResponseStatusCode(VerifyResponseStatusCodeKeyword.groovy:37)
	at com.kms.katalon.core.webservice.keyword.builtin.VerifyResponseStatusCodeKeyword.execute(VerifyResponseStatusCodeKeyword.groovy:32)
	at com.kms.katalon.core.keyword.internal.KeywordExecutor.executeKeywordForPlatform(KeywordExecutor.groovy:74)
	at com.kms.katalon.core.webservice.keyword.WSBuiltInKeywords.verifyResponseStatusCode(WSBuiltInKeywords.groovy:345)
	at com.kms.katalon.core.webservice.keyword.WSBuiltInKeywords$verifyResponseStatusCode$0.call(Unknown Source)
	at WSVerification1688726550475.run(WSVerification1688726550475:16)
	at com.kms.katalon.core.main.ScriptEngine.run(ScriptEngine.java:194)
	at com.kms.katalon.core.main.ScriptEngine.runScriptAsRawText(ScriptEngine.java:119)
	at com.kms.katalon.core.main.WSVerificationExecutor.runScript(WSVerificationExecutor.java:180)
	at com.kms.katalon.core.main.WSVerificationExecutor.doExecute(WSVerificationExecutor.java:174)
	at com.kms.katalon.core.main.WSVerificationExecutor.processExecutionPhase(WSVerificationExecutor.java:157)
	at com.kms.katalon.core.main.WSVerificationExecutor.accessMainPhase(WSVerificationExecutor.java:149)
	at com.kms.katalon.core.main.WSVerificationExecutor.execute(WSVerificationExecutor.java:131)
	at com.kms.katalon.core.main.TestCaseMain.runWSVerificationScript(TestCaseMain.java:157)
	at com.kms.katalon.core.main.TestCaseMain$runWSVerificationScript$3.call(Unknown Source)
	at com.kms.katalon.core.webservice.keyword.builtin.SendRequestAndVerifyKeyword.doVerification(SendRequestAndVerifyKeyword.groovy:85)
	at com.kms.katalon.core.webservice.keyword.builtin.SendRequestAndVerifyKeyword.access$0(SendRequestAndVerifyKeyword.groovy)
	at com.kms.katalon.core.webservice.keyword.builtin.SendRequestAndVerifyKeyword$_sendRequestAndVerify_closure1.doCall(SendRequestAndVerifyKeyword.groovy:66)
	at com.kms.katalon.core.webservice.keyword.builtin.SendRequestAndVerifyKeyword$_sendRequestAndVerify_closure1.call(SendRequestAndVerifyKeyword.groovy)
	at com.kms.katalon.core.keyword.internal.KeywordMain.runKeyword(KeywordMain.groovy:75)
	at com.kms.katalon.core.webservice.keyword.builtin.SendRequestAndVerifyKeyword.sendRequestAndVerify(SendRequestAndVerifyKeyword.groovy:54)
	at com.kms.katalon.core.webservice.keyword.builtin.SendRequestAndVerifyKeyword.execute(SendRequestAndVerifyKeyword.groovy:49)
	at com.kms.katalon.core.keyword.internal.KeywordExecutor.executeKeywordForPlatform(KeywordExecutor.groovy:74)
	at com.kms.katalon.core.webservice.keyword.WSBuiltInKeywords.sendRequestAndVerify(WSBuiltInKeywords.groovy:66)
	at com.kms.katalon.core.webservice.keyword.WSBuiltInKeywords$sendRequestAndVerify.call(Unknown Source)
	at Create_order - Copy.run(Create_order - Copy:24)
	at com.kms.katalon.core.main.ScriptEngine.run(ScriptEngine.java:194)
	at com.kms.katalon.core.main.ScriptEngine.runScriptAsRawText(ScriptEngine.java:119)
	at com.kms.katalon.core.main.TestCaseExecutor.runScript(TestCaseExecutor.java:448)
	at com.kms.katalon.core.main.TestCaseExecutor.doExecute(TestCaseExecutor.java:439)
	at com.kms.katalon.core.main.TestCaseExecutor.processExecutionPhase(TestCaseExecutor.java:418)
	at com.kms.katalon.core.main.TestCaseExecutor.accessMainPhase(TestCaseExecutor.java:410)
	at com.kms.katalon.core.main.TestCaseExecutor.execute(TestCaseExecutor.java:285)
	at com.kms.katalon.core.main.TestCaseExecutor.execute(TestCaseExecutor.java:369)
	at com.kms.katalon.core.main.TestCaseExecutor.execute(TestCaseExecutor.java:369)
	at com.kms.katalon.core.main.TestCaseExecutor.execute(TestCaseExecutor.java:369)
	at com.kms.katalon.core.common.CommonExecutor.accessTestCaseMainPhase(CommonExecutor.java:65)
	at com.kms.katalon.core.main.TestSuiteExecutor.accessTestSuiteMainPhase(TestSuiteExecutor.java:148)
	at com.kms.katalon.core.main.TestSuiteExecutor.execute(TestSuiteExecutor.java:106)
	at com.kms.katalon.core.main.TestCaseMain.startTestSuite(TestCaseMain.java:187)
	at com.kms.katalon.core.main.TestCaseMain$startTestSuite$0.call(Unknown Source)
	at TempTestSuite1688726522872.run(TempTestSuite1688726522872.groovy:36)
"/>
         <system-out><![CDATA[2023-07-07 10:42:27 - [TEST_CASE][FAILED] - Test Cases/Create_order - Copy: Test Cases/Create_order - Copy FAILED.
Reason:
com.kms.katalon.core.exception.StepFailedException: Expected status code is '200' but actual status code is '401'
	at com.kms.katalon.core.keyword.internal.KeywordMain.stepFailed(KeywordMain.groovy:51)
	at com.kms.katalon.core.webservice.keyword.builtin.VerifyResponseStatusCodeKeyword.verifyStatusCode(VerifyResponseStatusCodeKeyword.groovy:52)
	at com.kms.katalon.core.webservice.keyword.builtin.VerifyResponseStatusCodeKeyword.access$1(VerifyResponseStatusCodeKeyword.groovy)
	at com.kms.katalon.core.webservice.keyword.builtin.VerifyResponseStatusCodeKeyword$_verifyResponseStatusCode_closure1.doCall(VerifyResponseStatusCodeKeyword.groovy:42)
	at com.kms.katalon.core.webservice.keyword.builtin.VerifyResponseStatusCodeKeyword$_verifyResponseStatusCode_closure1.call(VerifyResponseStatusCodeKeyword.groovy)
	at com.kms.katalon.core.keyword.internal.KeywordMain.runKeyword(KeywordMain.groovy:75)
	at com.kms.katalon.core.webservice.keyword.builtin.VerifyResponseStatusCodeKeyword.verifyResponseStatusCode(VerifyResponseStatusCodeKeyword.groovy:37)
	at com.kms.katalon.core.webservice.keyword.builtin.VerifyResponseStatusCodeKeyword.execute(VerifyResponseStatusCodeKeyword.groovy:32)
	at com.kms.katalon.core.keyword.internal.KeywordExecutor.executeKeywordForPlatform(KeywordExecutor.groovy:74)
	at com.kms.katalon.core.webservice.keyword.WSBuiltInKeywords.verifyResponseStatusCode(WSBuiltInKeywords.groovy:345)
	at com.kms.katalon.core.webservice.keyword.WSBuiltInKeywords$verifyResponseStatusCode$0.call(Unknown Source)
	at WSVerification1688726550475.run(WSVerification1688726550475:16)
	at com.kms.katalon.core.main.ScriptEngine.run(ScriptEngine.java:194)
	at com.kms.katalon.core.main.ScriptEngine.runScriptAsRawText(ScriptEngine.java:119)
	at com.kms.katalon.core.main.WSVerificationExecutor.runScript(WSVerificationExecutor.java:180)
	at com.kms.katalon.core.main.WSVerificationExecutor.doExecute(WSVerificationExecutor.java:174)
	at com.kms.katalon.core.main.WSVerificationExecutor.processExecutionPhase(WSVerificationExecutor.java:157)
	at com.kms.katalon.core.main.WSVerificationExecutor.accessMainPhase(WSVerificationExecutor.java:149)
	at com.kms.katalon.core.main.WSVerificationExecutor.execute(WSVerificationExecutor.java:131)
	at com.kms.katalon.core.main.TestCaseMain.runWSVerificationScript(TestCaseMain.java:157)
	at com.kms.katalon.core.main.TestCaseMain$runWSVerificationScript$3.call(Unknown Source)
	at com.kms.katalon.core.webservice.keyword.builtin.SendRequestAndVerifyKeyword.doVerification(SendRequestAndVerifyKeyword.groovy:85)
	at com.kms.katalon.core.webservice.keyword.builtin.SendRequestAndVerifyKeyword.access$0(SendRequestAndVerifyKeyword.groovy)
	at com.kms.katalon.core.webservice.keyword.builtin.SendRequestAndVerifyKeyword$_sendRequestAndVerify_closure1.doCall(SendRequestAndVerifyKeyword.groovy:66)
	at com.kms.katalon.core.webservice.keyword.builtin.SendRequestAndVerifyKeyword$_sendRequestAndVerify_closure1.call(SendRequestAndVerifyKeyword.groovy)
	at com.kms.katalon.core.keyword.internal.KeywordMain.runKeyword(KeywordMain.groovy:75)
	at com.kms.katalon.core.webservice.keyword.builtin.SendRequestAndVerifyKeyword.sendRequestAndVerify(SendRequestAndVerifyKeyword.groovy:54)
	at com.kms.katalon.core.webservice.keyword.builtin.SendRequestAndVerifyKeyword.execute(SendRequestAndVerifyKeyword.groovy:49)
	at com.kms.katalon.core.keyword.internal.KeywordExecutor.executeKeywordForPlatform(KeywordExecutor.groovy:74)
	at com.kms.katalon.core.webservice.keyword.WSBuiltInKeywords.sendRequestAndVerify(WSBuiltInKeywords.groovy:66)
	at com.kms.katalon.core.webservice.keyword.WSBuiltInKeywords$sendRequestAndVerify.call(Unknown Source)
	at Create_order - Copy.run(Create_order - Copy:24)
	at com.kms.katalon.core.main.ScriptEngine.run(ScriptEngine.java:194)
	at com.kms.katalon.core.main.ScriptEngine.runScriptAsRawText(ScriptEngine.java:119)
	at com.kms.katalon.core.main.TestCaseExecutor.runScript(TestCaseExecutor.java:448)
	at com.kms.katalon.core.main.TestCaseExecutor.doExecute(TestCaseExecutor.java:439)
	at com.kms.katalon.core.main.TestCaseExecutor.processExecutionPhase(TestCaseExecutor.java:418)
	at com.kms.katalon.core.main.TestCaseExecutor.accessMainPhase(TestCaseExecutor.java:410)
	at com.kms.katalon.core.main.TestCaseExecutor.execute(TestCaseExecutor.java:285)
	at com.kms.katalon.core.main.TestCaseExecutor.execute(TestCaseExecutor.java:369)
	at com.kms.katalon.core.main.TestCaseExecutor.execute(TestCaseExecutor.java:369)
	at com.kms.katalon.core.main.TestCaseExecutor.execute(TestCaseExecutor.java:369)
	at com.kms.katalon.core.common.CommonExecutor.accessTestCaseMainPhase(CommonExecutor.java:65)
	at com.kms.katalon.core.main.TestSuiteExecutor.accessTestSuiteMainPhase(TestSuiteExecutor.java:148)
	at com.kms.katalon.core.main.TestSuiteExecutor.execute(TestSuiteExecutor.java:106)
	at com.kms.katalon.core.main.TestCaseMain.startTestSuite(TestCaseMain.java:187)
	at com.kms.katalon.core.main.TestCaseMain$startTestSuite$0.call(Unknown Source)
	at TempTestSuite1688726522872.run(TempTestSuite1688726522872.groovy:36)


2023-07-07 10:42:27 - [TEST_STEP][PASSED] - sendRequestAndVerify(findTestObject("GroceryAPI/Get Status")): Send request and verify the response successfully

2023-07-07 10:42:28 - [MESSAGE][INFO] - HAR: /Users/fndiaye/Katalon Studio/GroceryAPI/Reports/20230707_104202/Test_Suite_1/20230707_104202/requests/main/17.har

2023-07-07 10:42:28 - [TEST_CASE][PASSED] - Start Test Case : Verification: Verification accomplished successfully

2023-07-07 10:42:28 - [TEST_STEP][PASSED] - request = getInstance().getCurrentRequest(): null

2023-07-07 10:42:28 - [TEST_STEP][PASSED] - response = getInstance().getCurrentResponse(): null

2023-07-07 10:42:28 - [TEST_STEP][PASSED] - verifyResponseStatusCode(response, 200): Verify response status code successfully

2023-07-07 10:42:28 - [MESSAGE][PASSED] - Verify response status code successfully

2023-07-07 10:42:28 - [TEST_STEP][PASSED] - getStatusCode()).isEqualTo(200): null

2023-07-07 10:42:28 - [TEST_STEP][PASSED] - verifyElementPropertyValue(response, "status", "UP"): Verify element property value successfully

2023-07-07 10:42:28 - [MESSAGE][PASSED] - Verify element property value successfully

2023-07-07 10:42:28 - [TEST_STEP][PASSED] - email = "fn" + Math.abs(Random().nextInt() % 10) + 1 + "@gmail.com": null

2023-07-07 10:42:28 - [TEST_STEP][PASSED] - clientEmail = email: null

2023-07-07 10:42:28 - [TEST_STEP][PASSED] - println("email = " + clientEmail): null

2023-07-07 10:42:28 - [MESSAGE][PASSED] - Verify response successfully

2023-07-07 10:42:28 - [MESSAGE][PASSED] - All validation steps have been passed

2023-07-07 10:42:28 - [MESSAGE][PASSED] - Send request and verify the response successfully

2023-07-07 10:42:28 - [TEST_STEP][PASSED] - sendRequestAndVerify(findTestObject("GroceryAPI/Orders/API Auth - Copy", ["email":clientEmail])): Send request and verify the response successfully

2023-07-07 10:42:29 - [MESSAGE][INFO] - HAR: /Users/fndiaye/Katalon Studio/GroceryAPI/Reports/20230707_104202/Test_Suite_1/20230707_104202/requests/main/18.har

2023-07-07 10:42:29 - [TEST_CASE][PASSED] - Start Test Case : Verification: Verification accomplished successfully

2023-07-07 10:42:29 - [TEST_STEP][PASSED] - request = getInstance().getCurrentRequest(): null

2023-07-07 10:42:29 - [TEST_STEP][PASSED] - response = getInstance().getCurrentResponse(): null

2023-07-07 10:42:29 - [TEST_STEP][PASSED] - token = getElementPropertyValue(response, "accessToken"): null

2023-07-07 10:42:29 - [MESSAGE][PASSED] - Verify response successfully

2023-07-07 10:42:29 - [MESSAGE][PASSED] - All validation steps have been passed

2023-07-07 10:42:29 - [MESSAGE][PASSED] - Send request and verify the response successfully

2023-07-07 10:42:29 - [TEST_STEP][FAILED] - sendRequestAndVerify(findTestObject("GroceryAPI/Orders/Get all orders")): Unable to send request and verify the response (Root cause: com.kms.katalon.core.exception.StepFailedException: Verification failed
	at com.kms.katalon.core.keyword.internal.KeywordMain.stepFailed(KeywordMain.groovy:51)
	at com.kms.katalon.core.keyword.internal.KeywordMain.stepFailed(KeywordMain.groovy)
	at com.kms.katalon.core.keyword.internal.KeywordMain.stepFailed(KeywordMain.groovy:23)
	at com.kms.katalon.core.keyword.internal.KeywordMain$stepFailed.call(Unknown Source)
	at com.kms.katalon.core.webservice.keyword.builtin.SendRequestAndVerifyKeyword.doVerification(SendRequestAndVerifyKeyword.groovy:90)
	at com.kms.katalon.core.webservice.keyword.builtin.SendRequestAndVerifyKeyword.access$0(SendRequestAndVerifyKeyword.groovy)
	at com.kms.katalon.core.webservice.keyword.builtin.SendRequestAndVerifyKeyword$_sendRequestAndVerify_closure1.doCall(SendRequestAndVerifyKeyword.groovy:66)
	at com.kms.katalon.core.webservice.keyword.builtin.SendRequestAndVerifyKeyword$_sendRequestAndVerify_closure1.call(SendRequestAndVerifyKeyword.groovy)
	at com.kms.katalon.core.keyword.internal.KeywordMain.runKeyword(KeywordMain.groovy:75)
	at com.kms.katalon.core.webservice.keyword.builtin.SendRequestAndVerifyKeyword.sendRequestAndVerify(SendRequestAndVerifyKeyword.groovy:54)
	at com.kms.katalon.core.webservice.keyword.builtin.SendRequestAndVerifyKeyword.execute(SendRequestAndVerifyKeyword.groovy:49)
	at com.kms.katalon.core.keyword.internal.KeywordExecutor.executeKeywordForPlatform(KeywordExecutor.groovy:74)
	at com.kms.katalon.core.webservice.keyword.WSBuiltInKeywords.sendRequestAndVerify(WSBuiltInKeywords.groovy:66)
	at com.kms.katalon.core.webservice.keyword.WSBuiltInKeywords$sendRequestAndVerify.call(Unknown Source)
	at Create_order - Copy.run(Create_order - Copy:24)
	at com.kms.katalon.core.main.ScriptEngine.run(ScriptEngine.java:194)
	at com.kms.katalon.core.main.ScriptEngine.runScriptAsRawText(ScriptEngine.java:119)
	at com.kms.katalon.core.main.TestCaseExecutor.runScript(TestCaseExecutor.java:448)
	at com.kms.katalon.core.main.TestCaseExecutor.doExecute(TestCaseExecutor.java:439)
	at com.kms.katalon.core.main.TestCaseExecutor.processExecutionPhase(TestCaseExecutor.java:418)
	at com.kms.katalon.core.main.TestCaseExecutor.accessMainPhase(TestCaseExecutor.java:410)
	at com.kms.katalon.core.main.TestCaseExecutor.execute(TestCaseExecutor.java:285)
	at com.kms.katalon.core.main.TestCaseExecutor.execute(TestCaseExecutor.java:369)
	at com.kms.katalon.core.main.TestCaseExecutor.execute(TestCaseExecutor.java:369)
	at com.kms.katalon.core.main.TestCaseExecutor.execute(TestCaseExecutor.java:369)
	at com.kms.katalon.core.common.CommonExecutor.accessTestCaseMainPhase(CommonExecutor.java:65)
	at com.kms.katalon.core.main.TestSuiteExecutor.accessTestSuiteMainPhase(TestSuiteExecutor.java:148)
	at com.kms.katalon.core.main.TestSuiteExecutor.execute(TestSuiteExecutor.java:106)
	at com.kms.katalon.core.main.TestCaseMain.startTestSuite(TestCaseMain.java:187)
	at com.kms.katalon.core.main.TestCaseMain$startTestSuite$0.call(Unknown Source)
	at TempTestSuite1688726522872.run(TempTestSuite1688726522872.groovy:36)
)

2023-07-07 10:42:30 - [MESSAGE][INFO] - HAR: /Users/fndiaye/Katalon Studio/GroceryAPI/Reports/20230707_104202/Test_Suite_1/20230707_104202/requests/main/19.har

2023-07-07 10:42:30 - [TEST_CASE][FAILED] - Start Test Case : Verification: Verification FAILED.
Reason:
com.kms.katalon.core.exception.StepFailedException: Expected status code is '200' but actual status code is '401'
	at com.kms.katalon.core.keyword.internal.KeywordMain.stepFailed(KeywordMain.groovy:51)
	at com.kms.katalon.core.webservice.keyword.builtin.VerifyResponseStatusCodeKeyword.verifyStatusCode(VerifyResponseStatusCodeKeyword.groovy:52)
	at com.kms.katalon.core.webservice.keyword.builtin.VerifyResponseStatusCodeKeyword.access$1(VerifyResponseStatusCodeKeyword.groovy)
	at com.kms.katalon.core.webservice.keyword.builtin.VerifyResponseStatusCodeKeyword$_verifyResponseStatusCode_closure1.doCall(VerifyResponseStatusCodeKeyword.groovy:42)
	at com.kms.katalon.core.webservice.keyword.builtin.VerifyResponseStatusCodeKeyword$_verifyResponseStatusCode_closure1.call(VerifyResponseStatusCodeKeyword.groovy)
	at com.kms.katalon.core.keyword.internal.KeywordMain.runKeyword(KeywordMain.groovy:75)
	at com.kms.katalon.core.webservice.keyword.builtin.VerifyResponseStatusCodeKeyword.verifyResponseStatusCode(VerifyResponseStatusCodeKeyword.groovy:37)
	at com.kms.katalon.core.webservice.keyword.builtin.VerifyResponseStatusCodeKeyword.execute(VerifyResponseStatusCodeKeyword.groovy:32)
	at com.kms.katalon.core.keyword.internal.KeywordExecutor.executeKeywordForPlatform(KeywordExecutor.groovy:74)
	at com.kms.katalon.core.webservice.keyword.WSBuiltInKeywords.verifyResponseStatusCode(WSBuiltInKeywords.groovy:345)
	at com.kms.katalon.core.webservice.keyword.WSBuiltInKeywords$verifyResponseStatusCode$0.call(Unknown Source)
	at WSVerification1688726550475.run(WSVerification1688726550475:16)
	at com.kms.katalon.core.main.ScriptEngine.run(ScriptEngine.java:194)
	at com.kms.katalon.core.main.ScriptEngine.runScriptAsRawText(ScriptEngine.java:119)
	at com.kms.katalon.core.main.WSVerificationExecutor.runScript(WSVerificationExecutor.java:180)
	at com.kms.katalon.core.main.WSVerificationExecutor.doExecute(WSVerificationExecutor.java:174)
	at com.kms.katalon.core.main.WSVerificationExecutor.processExecutionPhase(WSVerificationExecutor.java:157)
	at com.kms.katalon.core.main.WSVerificationExecutor.accessMainPhase(WSVerificationExecutor.java:149)
	at com.kms.katalon.core.main.WSVerificationExecutor.execute(WSVerificationExecutor.java:131)
	at com.kms.katalon.core.main.TestCaseMain.runWSVerificationScript(TestCaseMain.java:157)
	at com.kms.katalon.core.main.TestCaseMain$runWSVerificationScript$3.call(Unknown Source)
	at com.kms.katalon.core.webservice.keyword.builtin.SendRequestAndVerifyKeyword.doVerification(SendRequestAndVerifyKeyword.groovy:85)
	at com.kms.katalon.core.webservice.keyword.builtin.SendRequestAndVerifyKeyword.access$0(SendRequestAndVerifyKeyword.groovy)
	at com.kms.katalon.core.webservice.keyword.builtin.SendRequestAndVerifyKeyword$_sendRequestAndVerify_closure1.doCall(SendRequestAndVerifyKeyword.groovy:66)
	at com.kms.katalon.core.webservice.keyword.builtin.SendRequestAndVerifyKeyword$_sendRequestAndVerify_closure1.call(SendRequestAndVerifyKeyword.groovy)
	at com.kms.katalon.core.keyword.internal.KeywordMain.runKeyword(KeywordMain.groovy:75)
	at com.kms.katalon.core.webservice.keyword.builtin.SendRequestAndVerifyKeyword.sendRequestAndVerify(SendRequestAndVerifyKeyword.groovy:54)
	at com.kms.katalon.core.webservice.keyword.builtin.SendRequestAndVerifyKeyword.execute(SendRequestAndVerifyKeyword.groovy:49)
	at com.kms.katalon.core.keyword.internal.KeywordExecutor.executeKeywordForPlatform(KeywordExecutor.groovy:74)
	at com.kms.katalon.core.webservice.keyword.WSBuiltInKeywords.sendRequestAndVerify(WSBuiltInKeywords.groovy:66)
	at com.kms.katalon.core.webservice.keyword.WSBuiltInKeywords$sendRequestAndVerify.call(Unknown Source)
	at Create_order - Copy.run(Create_order - Copy:24)
	at com.kms.katalon.core.main.ScriptEngine.run(ScriptEngine.java:194)
	at com.kms.katalon.core.main.ScriptEngine.runScriptAsRawText(ScriptEngine.java:119)
	at com.kms.katalon.core.main.TestCaseExecutor.runScript(TestCaseExecutor.java:448)
	at com.kms.katalon.core.main.TestCaseExecutor.doExecute(TestCaseExecutor.java:439)
	at com.kms.katalon.core.main.TestCaseExecutor.processExecutionPhase(TestCaseExecutor.java:418)
	at com.kms.katalon.core.main.TestCaseExecutor.accessMainPhase(TestCaseExecutor.java:410)
	at com.kms.katalon.core.main.TestCaseExecutor.execute(TestCaseExecutor.java:285)
	at com.kms.katalon.core.main.TestCaseExecutor.execute(TestCaseExecutor.java:369)
	at com.kms.katalon.core.main.TestCaseExecutor.execute(TestCaseExecutor.java:369)
	at com.kms.katalon.core.main.TestCaseExecutor.execute(TestCaseExecutor.java:369)
	at com.kms.katalon.core.common.CommonExecutor.accessTestCaseMainPhase(CommonExecutor.java:65)
	at com.kms.katalon.core.main.TestSuiteExecutor.accessTestSuiteMainPhase(TestSuiteExecutor.java:148)
	at com.kms.katalon.core.main.TestSuiteExecutor.execute(TestSuiteExecutor.java:106)
	at com.kms.katalon.core.main.TestCaseMain.startTestSuite(TestCaseMain.java:187)
	at com.kms.katalon.core.main.TestCaseMain$startTestSuite$0.call(Unknown Source)
	at TempTestSuite1688726522872.run(TempTestSuite1688726522872.groovy:36)


2023-07-07 10:42:30 - [TEST_STEP][PASSED] - request = getInstance().getCurrentRequest(): null

2023-07-07 10:42:30 - [TEST_STEP][PASSED] - response = getInstance().getCurrentResponse(): null

2023-07-07 10:42:30 - [TEST_STEP][FAILED] - verifyResponseStatusCode(response, 200): Unable to verify response status code (Root cause: com.kms.katalon.core.exception.StepFailedException: Expected status code is '200' but actual status code is '401'
	at com.kms.katalon.core.keyword.internal.KeywordMain.stepFailed(KeywordMain.groovy:51)
	at com.kms.katalon.core.webservice.keyword.builtin.VerifyResponseStatusCodeKeyword.verifyStatusCode(VerifyResponseStatusCodeKeyword.groovy:52)
	at com.kms.katalon.core.webservice.keyword.builtin.VerifyResponseStatusCodeKeyword.access$1(VerifyResponseStatusCodeKeyword.groovy)
	at com.kms.katalon.core.webservice.keyword.builtin.VerifyResponseStatusCodeKeyword$_verifyResponseStatusCode_closure1.doCall(VerifyResponseStatusCodeKeyword.groovy:42)
	at com.kms.katalon.core.webservice.keyword.builtin.VerifyResponseStatusCodeKeyword$_verifyResponseStatusCode_closure1.call(VerifyResponseStatusCodeKeyword.groovy)
	at com.kms.katalon.core.keyword.internal.KeywordMain.runKeyword(KeywordMain.groovy:75)
	at com.kms.katalon.core.webservice.keyword.builtin.VerifyResponseStatusCodeKeyword.verifyResponseStatusCode(VerifyResponseStatusCodeKeyword.groovy:37)
	at com.kms.katalon.core.webservice.keyword.builtin.VerifyResponseStatusCodeKeyword.execute(VerifyResponseStatusCodeKeyword.groovy:32)
	at com.kms.katalon.core.keyword.internal.KeywordExecutor.executeKeywordForPlatform(KeywordExecutor.groovy:74)
	at com.kms.katalon.core.webservice.keyword.WSBuiltInKeywords.verifyResponseStatusCode(WSBuiltInKeywords.groovy:345)
	at com.kms.katalon.core.webservice.keyword.WSBuiltInKeywords$verifyResponseStatusCode$0.call(Unknown Source)
	at WSVerification1688726550475.run(WSVerification1688726550475:16)
	at com.kms.katalon.core.main.ScriptEngine.run(ScriptEngine.java:194)
	at com.kms.katalon.core.main.ScriptEngine.runScriptAsRawText(ScriptEngine.java:119)
	at com.kms.katalon.core.main.WSVerificationExecutor.runScript(WSVerificationExecutor.java:180)
	at com.kms.katalon.core.main.WSVerificationExecutor.doExecute(WSVerificationExecutor.java:174)
	at com.kms.katalon.core.main.WSVerificationExecutor.processExecutionPhase(WSVerificationExecutor.java:157)
	at com.kms.katalon.core.main.WSVerificationExecutor.accessMainPhase(WSVerificationExecutor.java:149)
	at com.kms.katalon.core.main.WSVerificationExecutor.execute(WSVerificationExecutor.java:131)
	at com.kms.katalon.core.main.TestCaseMain.runWSVerificationScript(TestCaseMain.java:157)
	at com.kms.katalon.core.main.TestCaseMain$runWSVerificationScript$3.call(Unknown Source)
	at com.kms.katalon.core.webservice.keyword.builtin.SendRequestAndVerifyKeyword.doVerification(SendRequestAndVerifyKeyword.groovy:85)
	at com.kms.katalon.core.webservice.keyword.builtin.SendRequestAndVerifyKeyword.access$0(SendRequestAndVerifyKeyword.groovy)
	at com.kms.katalon.core.webservice.keyword.builtin.SendRequestAndVerifyKeyword$_sendRequestAndVerify_closure1.doCall(SendRequestAndVerifyKeyword.groovy:66)
	at com.kms.katalon.core.webservice.keyword.builtin.SendRequestAndVerifyKeyword$_sendRequestAndVerify_closure1.call(SendRequestAndVerifyKeyword.groovy)
	at com.kms.katalon.core.keyword.internal.KeywordMain.runKeyword(KeywordMain.groovy:75)
	at com.kms.katalon.core.webservice.keyword.builtin.SendRequestAndVerifyKeyword.sendRequestAndVerify(SendRequestAndVerifyKeyword.groovy:54)
	at com.kms.katalon.core.webservice.keyword.builtin.SendRequestAndVerifyKeyword.execute(SendRequestAndVerifyKeyword.groovy:49)
	at com.kms.katalon.core.keyword.internal.KeywordExecutor.executeKeywordForPlatform(KeywordExecutor.groovy:74)
	at com.kms.katalon.core.webservice.keyword.WSBuiltInKeywords.sendRequestAndVerify(WSBuiltInKeywords.groovy:66)
	at com.kms.katalon.core.webservice.keyword.WSBuiltInKeywords$sendRequestAndVerify.call(Unknown Source)
	at Create_order - Copy.run(Create_order - Copy:24)
	at com.kms.katalon.core.main.ScriptEngine.run(ScriptEngine.java:194)
	at com.kms.katalon.core.main.ScriptEngine.runScriptAsRawText(ScriptEngine.java:119)
	at com.kms.katalon.core.main.TestCaseExecutor.runScript(TestCaseExecutor.java:448)
	at com.kms.katalon.core.main.TestCaseExecutor.doExecute(TestCaseExecutor.java:439)
	at com.kms.katalon.core.main.TestCaseExecutor.processExecutionPhase(TestCaseExecutor.java:418)
	at com.kms.katalon.core.main.TestCaseExecutor.accessMainPhase(TestCaseExecutor.java:410)
	at com.kms.katalon.core.main.TestCaseExecutor.execute(TestCaseExecutor.java:285)
	at com.kms.katalon.core.main.TestCaseExecutor.execute(TestCaseExecutor.java:369)
	at com.kms.katalon.core.main.TestCaseExecutor.execute(TestCaseExecutor.java:369)
	at com.kms.katalon.core.main.TestCaseExecutor.execute(TestCaseExecutor.java:369)
	at com.kms.katalon.core.common.CommonExecutor.accessTestCaseMainPhase(CommonExecutor.java:65)
	at com.kms.katalon.core.main.TestSuiteExecutor.accessTestSuiteMainPhase(TestSuiteExecutor.java:148)
	at com.kms.katalon.core.main.TestSuiteExecutor.execute(TestSuiteExecutor.java:106)
	at com.kms.katalon.core.main.TestCaseMain.startTestSuite(TestCaseMain.java:187)
	at com.kms.katalon.core.main.TestCaseMain$startTestSuite$0.call(Unknown Source)
	at TempTestSuite1688726522872.run(TempTestSuite1688726522872.groovy:36)
)

2023-07-07 10:42:30 - [MESSAGE][FAILED] - Expected status code is '200' but actual status code is '401'

2023-07-07 10:42:30 - [MESSAGE][FAILED] - Unable to verify response status code (Root cause: com.kms.katalon.core.exception.StepFailedException: Expected status code is '200' but actual status code is '401'
	at com.kms.katalon.core.keyword.internal.KeywordMain.stepFailed(KeywordMain.groovy:51)
	at com.kms.katalon.core.webservice.keyword.builtin.VerifyResponseStatusCodeKeyword.verifyStatusCode(VerifyResponseStatusCodeKeyword.groovy:52)
	at com.kms.katalon.core.webservice.keyword.builtin.VerifyResponseStatusCodeKeyword.access$1(VerifyResponseStatusCodeKeyword.groovy)
	at com.kms.katalon.core.webservice.keyword.builtin.VerifyResponseStatusCodeKeyword$_verifyResponseStatusCode_closure1.doCall(VerifyResponseStatusCodeKeyword.groovy:42)
	at com.kms.katalon.core.webservice.keyword.builtin.VerifyResponseStatusCodeKeyword$_verifyResponseStatusCode_closure1.call(VerifyResponseStatusCodeKeyword.groovy)
	at com.kms.katalon.core.keyword.internal.KeywordMain.runKeyword(KeywordMain.groovy:75)
	at com.kms.katalon.core.webservice.keyword.builtin.VerifyResponseStatusCodeKeyword.verifyResponseStatusCode(VerifyResponseStatusCodeKeyword.groovy:37)
	at com.kms.katalon.core.webservice.keyword.builtin.VerifyResponseStatusCodeKeyword.execute(VerifyResponseStatusCodeKeyword.groovy:32)
	at com.kms.katalon.core.keyword.internal.KeywordExecutor.executeKeywordForPlatform(KeywordExecutor.groovy:74)
	at com.kms.katalon.core.webservice.keyword.WSBuiltInKeywords.verifyResponseStatusCode(WSBuiltInKeywords.groovy:345)
	at com.kms.katalon.core.webservice.keyword.WSBuiltInKeywords$verifyResponseStatusCode$0.call(Unknown Source)
	at WSVerification1688726550475.run(WSVerification1688726550475:16)
	at com.kms.katalon.core.main.ScriptEngine.run(ScriptEngine.java:194)
	at com.kms.katalon.core.main.ScriptEngine.runScriptAsRawText(ScriptEngine.java:119)
	at com.kms.katalon.core.main.WSVerificationExecutor.runScript(WSVerificationExecutor.java:180)
	at com.kms.katalon.core.main.WSVerificationExecutor.doExecute(WSVerificationExecutor.java:174)
	at com.kms.katalon.core.main.WSVerificationExecutor.processExecutionPhase(WSVerificationExecutor.java:157)
	at com.kms.katalon.core.main.WSVerificationExecutor.accessMainPhase(WSVerificationExecutor.java:149)
	at com.kms.katalon.core.main.WSVerificationExecutor.execute(WSVerificationExecutor.java:131)
	at com.kms.katalon.core.main.TestCaseMain.runWSVerificationScript(TestCaseMain.java:157)
	at com.kms.katalon.core.main.TestCaseMain$runWSVerificationScript$3.call(Unknown Source)
	at com.kms.katalon.core.webservice.keyword.builtin.SendRequestAndVerifyKeyword.doVerification(SendRequestAndVerifyKeyword.groovy:85)
	at com.kms.katalon.core.webservice.keyword.builtin.SendRequestAndVerifyKeyword.access$0(SendRequestAndVerifyKeyword.groovy)
	at com.kms.katalon.core.webservice.keyword.builtin.SendRequestAndVerifyKeyword$_sendRequestAndVerify_closure1.doCall(SendRequestAndVerifyKeyword.groovy:66)
	at com.kms.katalon.core.webservice.keyword.builtin.SendRequestAndVerifyKeyword$_sendRequestAndVerify_closure1.call(SendRequestAndVerifyKeyword.groovy)
	at com.kms.katalon.core.keyword.internal.KeywordMain.runKeyword(KeywordMain.groovy:75)
	at com.kms.katalon.core.webservice.keyword.builtin.SendRequestAndVerifyKeyword.sendRequestAndVerify(SendRequestAndVerifyKeyword.groovy:54)
	at com.kms.katalon.core.webservice.keyword.builtin.SendRequestAndVerifyKeyword.execute(SendRequestAndVerifyKeyword.groovy:49)
	at com.kms.katalon.core.keyword.internal.KeywordExecutor.executeKeywordForPlatform(KeywordExecutor.groovy:74)
	at com.kms.katalon.core.webservice.keyword.WSBuiltInKeywords.sendRequestAndVerify(WSBuiltInKeywords.groovy:66)
	at com.kms.katalon.core.webservice.keyword.WSBuiltInKeywords$sendRequestAndVerify.call(Unknown Source)
	at Create_order - Copy.run(Create_order - Copy:24)
	at com.kms.katalon.core.main.ScriptEngine.run(ScriptEngine.java:194)
	at com.kms.katalon.core.main.ScriptEngine.runScriptAsRawText(ScriptEngine.java:119)
	at com.kms.katalon.core.main.TestCaseExecutor.runScript(TestCaseExecutor.java:448)
	at com.kms.katalon.core.main.TestCaseExecutor.doExecute(TestCaseExecutor.java:439)
	at com.kms.katalon.core.main.TestCaseExecutor.processExecutionPhase(TestCaseExecutor.java:418)
	at com.kms.katalon.core.main.TestCaseExecutor.accessMainPhase(TestCaseExecutor.java:410)
	at com.kms.katalon.core.main.TestCaseExecutor.execute(TestCaseExecutor.java:285)
	at com.kms.katalon.core.main.TestCaseExecutor.execute(TestCaseExecutor.java:369)
	at com.kms.katalon.core.main.TestCaseExecutor.execute(TestCaseExecutor.java:369)
	at com.kms.katalon.core.main.TestCaseExecutor.execute(TestCaseExecutor.java:369)
	at com.kms.katalon.core.common.CommonExecutor.accessTestCaseMainPhase(CommonExecutor.java:65)
	at com.kms.katalon.core.main.TestSuiteExecutor.accessTestSuiteMainPhase(TestSuiteExecutor.java:148)
	at com.kms.katalon.core.main.TestSuiteExecutor.execute(TestSuiteExecutor.java:106)
	at com.kms.katalon.core.main.TestCaseMain.startTestSuite(TestCaseMain.java:187)
	at com.kms.katalon.core.main.TestCaseMain$startTestSuite$0.call(Unknown Source)
	at TempTestSuite1688726522872.run(TempTestSuite1688726522872.groovy:36)
)

2023-07-07 10:42:30 - [MESSAGE][FAILED] - Verification failed

2023-07-07 10:42:30 - [MESSAGE][FAILED] - Unable to send request and verify the response (Root cause: com.kms.katalon.core.exception.StepFailedException: Verification failed
	at com.kms.katalon.core.keyword.internal.KeywordMain.stepFailed(KeywordMain.groovy:51)
	at com.kms.katalon.core.keyword.internal.KeywordMain.stepFailed(KeywordMain.groovy)
	at com.kms.katalon.core.keyword.internal.KeywordMain.stepFailed(KeywordMain.groovy:23)
	at com.kms.katalon.core.keyword.internal.KeywordMain$stepFailed.call(Unknown Source)
	at com.kms.katalon.core.webservice.keyword.builtin.SendRequestAndVerifyKeyword.doVerification(SendRequestAndVerifyKeyword.groovy:90)
	at com.kms.katalon.core.webservice.keyword.builtin.SendRequestAndVerifyKeyword.access$0(SendRequestAndVerifyKeyword.groovy)
	at com.kms.katalon.core.webservice.keyword.builtin.SendRequestAndVerifyKeyword$_sendRequestAndVerify_closure1.doCall(SendRequestAndVerifyKeyword.groovy:66)
	at com.kms.katalon.core.webservice.keyword.builtin.SendRequestAndVerifyKeyword$_sendRequestAndVerify_closure1.call(SendRequestAndVerifyKeyword.groovy)
	at com.kms.katalon.core.keyword.internal.KeywordMain.runKeyword(KeywordMain.groovy:75)
	at com.kms.katalon.core.webservice.keyword.builtin.SendRequestAndVerifyKeyword.sendRequestAndVerify(SendRequestAndVerifyKeyword.groovy:54)
	at com.kms.katalon.core.webservice.keyword.builtin.SendRequestAndVerifyKeyword.execute(SendRequestAndVerifyKeyword.groovy:49)
	at com.kms.katalon.core.keyword.internal.KeywordExecutor.executeKeywordForPlatform(KeywordExecutor.groovy:74)
	at com.kms.katalon.core.webservice.keyword.WSBuiltInKeywords.sendRequestAndVerify(WSBuiltInKeywords.groovy:66)
	at com.kms.katalon.core.webservice.keyword.WSBuiltInKeywords$sendRequestAndVerify.call(Unknown Source)
	at Create_order - Copy.run(Create_order - Copy:24)
	at com.kms.katalon.core.main.ScriptEngine.run(ScriptEngine.java:194)
	at com.kms.katalon.core.main.ScriptEngine.runScriptAsRawText(ScriptEngine.java:119)
	at com.kms.katalon.core.main.TestCaseExecutor.runScript(TestCaseExecutor.java:448)
	at com.kms.katalon.core.main.TestCaseExecutor.doExecute(TestCaseExecutor.java:439)
	at com.kms.katalon.core.main.TestCaseExecutor.processExecutionPhase(TestCaseExecutor.java:418)
	at com.kms.katalon.core.main.TestCaseExecutor.accessMainPhase(TestCaseExecutor.java:410)
	at com.kms.katalon.core.main.TestCaseExecutor.execute(TestCaseExecutor.java:285)
	at com.kms.katalon.core.main.TestCaseExecutor.execute(TestCaseExecutor.java:369)
	at com.kms.katalon.core.main.TestCaseExecutor.execute(TestCaseExecutor.java:369)
	at com.kms.katalon.core.main.TestCaseExecutor.execute(TestCaseExecutor.java:369)
	at com.kms.katalon.core.common.CommonExecutor.accessTestCaseMainPhase(CommonExecutor.java:65)
	at com.kms.katalon.core.main.TestSuiteExecutor.accessTestSuiteMainPhase(TestSuiteExecutor.java:148)
	at com.kms.katalon.core.main.TestSuiteExecutor.execute(TestSuiteExecutor.java:106)
	at com.kms.katalon.core.main.TestCaseMain.startTestSuite(TestCaseMain.java:187)
	at com.kms.katalon.core.main.TestCaseMain$startTestSuite$0.call(Unknown Source)
	at TempTestSuite1688726522872.run(TempTestSuite1688726522872.groovy:36)
)]]></system-out>
         <system-err><![CDATA[2023-07-07 10:42:27 - [TEST_CASE][FAILED] - Test Cases/Create_order - Copy: Test Cases/Create_order - Copy FAILED.
Reason:
com.kms.katalon.core.exception.StepFailedException: Expected status code is '200' but actual status code is '401'
	at com.kms.katalon.core.keyword.internal.KeywordMain.stepFailed(KeywordMain.groovy:51)
	at com.kms.katalon.core.webservice.keyword.builtin.VerifyResponseStatusCodeKeyword.verifyStatusCode(VerifyResponseStatusCodeKeyword.groovy:52)
	at com.kms.katalon.core.webservice.keyword.builtin.VerifyResponseStatusCodeKeyword.access$1(VerifyResponseStatusCodeKeyword.groovy)
	at com.kms.katalon.core.webservice.keyword.builtin.VerifyResponseStatusCodeKeyword$_verifyResponseStatusCode_closure1.doCall(VerifyResponseStatusCodeKeyword.groovy:42)
	at com.kms.katalon.core.webservice.keyword.builtin.VerifyResponseStatusCodeKeyword$_verifyResponseStatusCode_closure1.call(VerifyResponseStatusCodeKeyword.groovy)
	at com.kms.katalon.core.keyword.internal.KeywordMain.runKeyword(KeywordMain.groovy:75)
	at com.kms.katalon.core.webservice.keyword.builtin.VerifyResponseStatusCodeKeyword.verifyResponseStatusCode(VerifyResponseStatusCodeKeyword.groovy:37)
	at com.kms.katalon.core.webservice.keyword.builtin.VerifyResponseStatusCodeKeyword.execute(VerifyResponseStatusCodeKeyword.groovy:32)
	at com.kms.katalon.core.keyword.internal.KeywordExecutor.executeKeywordForPlatform(KeywordExecutor.groovy:74)
	at com.kms.katalon.core.webservice.keyword.WSBuiltInKeywords.verifyResponseStatusCode(WSBuiltInKeywords.groovy:345)
	at com.kms.katalon.core.webservice.keyword.WSBuiltInKeywords$verifyResponseStatusCode$0.call(Unknown Source)
	at WSVerification1688726550475.run(WSVerification1688726550475:16)
	at com.kms.katalon.core.main.ScriptEngine.run(ScriptEngine.java:194)
	at com.kms.katalon.core.main.ScriptEngine.runScriptAsRawText(ScriptEngine.java:119)
	at com.kms.katalon.core.main.WSVerificationExecutor.runScript(WSVerificationExecutor.java:180)
	at com.kms.katalon.core.main.WSVerificationExecutor.doExecute(WSVerificationExecutor.java:174)
	at com.kms.katalon.core.main.WSVerificationExecutor.processExecutionPhase(WSVerificationExecutor.java:157)
	at com.kms.katalon.core.main.WSVerificationExecutor.accessMainPhase(WSVerificationExecutor.java:149)
	at com.kms.katalon.core.main.WSVerificationExecutor.execute(WSVerificationExecutor.java:131)
	at com.kms.katalon.core.main.TestCaseMain.runWSVerificationScript(TestCaseMain.java:157)
	at com.kms.katalon.core.main.TestCaseMain$runWSVerificationScript$3.call(Unknown Source)
	at com.kms.katalon.core.webservice.keyword.builtin.SendRequestAndVerifyKeyword.doVerification(SendRequestAndVerifyKeyword.groovy:85)
	at com.kms.katalon.core.webservice.keyword.builtin.SendRequestAndVerifyKeyword.access$0(SendRequestAndVerifyKeyword.groovy)
	at com.kms.katalon.core.webservice.keyword.builtin.SendRequestAndVerifyKeyword$_sendRequestAndVerify_closure1.doCall(SendRequestAndVerifyKeyword.groovy:66)
	at com.kms.katalon.core.webservice.keyword.builtin.SendRequestAndVerifyKeyword$_sendRequestAndVerify_closure1.call(SendRequestAndVerifyKeyword.groovy)
	at com.kms.katalon.core.keyword.internal.KeywordMain.runKeyword(KeywordMain.groovy:75)
	at com.kms.katalon.core.webservice.keyword.builtin.SendRequestAndVerifyKeyword.sendRequestAndVerify(SendRequestAndVerifyKeyword.groovy:54)
	at com.kms.katalon.core.webservice.keyword.builtin.SendRequestAndVerifyKeyword.execute(SendRequestAndVerifyKeyword.groovy:49)
	at com.kms.katalon.core.keyword.internal.KeywordExecutor.executeKeywordForPlatform(KeywordExecutor.groovy:74)
	at com.kms.katalon.core.webservice.keyword.WSBuiltInKeywords.sendRequestAndVerify(WSBuiltInKeywords.groovy:66)
	at com.kms.katalon.core.webservice.keyword.WSBuiltInKeywords$sendRequestAndVerify.call(Unknown Source)
	at Create_order - Copy.run(Create_order - Copy:24)
	at com.kms.katalon.core.main.ScriptEngine.run(ScriptEngine.java:194)
	at com.kms.katalon.core.main.ScriptEngine.runScriptAsRawText(ScriptEngine.java:119)
	at com.kms.katalon.core.main.TestCaseExecutor.runScript(TestCaseExecutor.java:448)
	at com.kms.katalon.core.main.TestCaseExecutor.doExecute(TestCaseExecutor.java:439)
	at com.kms.katalon.core.main.TestCaseExecutor.processExecutionPhase(TestCaseExecutor.java:418)
	at com.kms.katalon.core.main.TestCaseExecutor.accessMainPhase(TestCaseExecutor.java:410)
	at com.kms.katalon.core.main.TestCaseExecutor.execute(TestCaseExecutor.java:285)
	at com.kms.katalon.core.main.TestCaseExecutor.execute(TestCaseExecutor.java:369)
	at com.kms.katalon.core.main.TestCaseExecutor.execute(TestCaseExecutor.java:369)
	at com.kms.katalon.core.main.TestCaseExecutor.execute(TestCaseExecutor.java:369)
	at com.kms.katalon.core.common.CommonExecutor.accessTestCaseMainPhase(CommonExecutor.java:65)
	at com.kms.katalon.core.main.TestSuiteExecutor.accessTestSuiteMainPhase(TestSuiteExecutor.java:148)
	at com.kms.katalon.core.main.TestSuiteExecutor.execute(TestSuiteExecutor.java:106)
	at com.kms.katalon.core.main.TestCaseMain.startTestSuite(TestCaseMain.java:187)
	at com.kms.katalon.core.main.TestCaseMain$startTestSuite$0.call(Unknown Source)
	at TempTestSuite1688726522872.run(TempTestSuite1688726522872.groovy:36)]]></system-err>
      </testcase>
      <system-out><![CDATA[2023-07-07 10:42:06 - [TEST_SUITE][FAILED] - Test_Suite_1: Test Cases/Create_order - Copy FAILED.
Reason:
com.kms.katalon.core.exception.StepFailedException: Expected status code is '200' but actual status code is '401'
	at com.kms.katalon.core.keyword.internal.KeywordMain.stepFailed(KeywordMain.groovy:51)
	at com.kms.katalon.core.webservice.keyword.builtin.VerifyResponseStatusCodeKeyword.verifyStatusCode(VerifyResponseStatusCodeKeyword.groovy:52)
	at com.kms.katalon.core.webservice.keyword.builtin.VerifyResponseStatusCodeKeyword.access$1(VerifyResponseStatusCodeKeyword.groovy)
	at com.kms.katalon.core.webservice.keyword.builtin.VerifyResponseStatusCodeKeyword$_verifyResponseStatusCode_closure1.doCall(VerifyResponseStatusCodeKeyword.groovy:42)
	at com.kms.katalon.core.webservice.keyword.builtin.VerifyResponseStatusCodeKeyword$_verifyResponseStatusCode_closure1.call(VerifyResponseStatusCodeKeyword.groovy)
	at com.kms.katalon.core.keyword.internal.KeywordMain.runKeyword(KeywordMain.groovy:75)
	at com.kms.katalon.core.webservice.keyword.builtin.VerifyResponseStatusCodeKeyword.verifyResponseStatusCode(VerifyResponseStatusCodeKeyword.groovy:37)
	at com.kms.katalon.core.webservice.keyword.builtin.VerifyResponseStatusCodeKeyword.execute(VerifyResponseStatusCodeKeyword.groovy:32)
	at com.kms.katalon.core.keyword.internal.KeywordExecutor.executeKeywordForPlatform(KeywordExecutor.groovy:74)
	at com.kms.katalon.core.webservice.keyword.WSBuiltInKeywords.verifyResponseStatusCode(WSBuiltInKeywords.groovy:345)
	at com.kms.katalon.core.webservice.keyword.WSBuiltInKeywords$verifyResponseStatusCode$0.call(Unknown Source)
	at WSVerification1688726541726.run(WSVerification1688726541726:16)
	at com.kms.katalon.core.main.ScriptEngine.run(ScriptEngine.java:194)
	at com.kms.katalon.core.main.ScriptEngine.runScriptAsRawText(ScriptEngine.java:119)
	at com.kms.katalon.core.main.WSVerificationExecutor.runScript(WSVerificationExecutor.java:180)
	at com.kms.katalon.core.main.WSVerificationExecutor.doExecute(WSVerificationExecutor.java:174)
	at com.kms.katalon.core.main.WSVerificationExecutor.processExecutionPhase(WSVerificationExecutor.java:157)
	at com.kms.katalon.core.main.WSVerificationExecutor.accessMainPhase(WSVerificationExecutor.java:149)
	at com.kms.katalon.core.main.WSVerificationExecutor.execute(WSVerificationExecutor.java:131)
	at com.kms.katalon.core.main.TestCaseMain.runWSVerificationScript(TestCaseMain.java:157)
	at com.kms.katalon.core.main.TestCaseMain$runWSVerificationScript$3.call(Unknown Source)
	at com.kms.katalon.core.webservice.keyword.builtin.SendRequestAndVerifyKeyword.doVerification(SendRequestAndVerifyKeyword.groovy:85)
	at com.kms.katalon.core.webservice.keyword.builtin.SendRequestAndVerifyKeyword.access$0(SendRequestAndVerifyKeyword.groovy)
	at com.kms.katalon.core.webservice.keyword.builtin.SendRequestAndVerifyKeyword$_sendRequestAndVerify_closure1.doCall(SendRequestAndVerifyKeyword.groovy:66)
	at com.kms.katalon.core.webservice.keyword.builtin.SendRequestAndVerifyKeyword$_sendRequestAndVerify_closure1.call(SendRequestAndVerifyKeyword.groovy)
	at com.kms.katalon.core.keyword.internal.KeywordMain.runKeyword(KeywordMain.groovy:75)
	at com.kms.katalon.core.webservice.keyword.builtin.SendRequestAndVerifyKeyword.sendRequestAndVerify(SendRequestAndVerifyKeyword.groovy:54)
	at com.kms.katalon.core.webservice.keyword.builtin.SendRequestAndVerifyKeyword.execute(SendRequestAndVerifyKeyword.groovy:49)
	at com.kms.katalon.core.keyword.internal.KeywordExecutor.executeKeywordForPlatform(KeywordExecutor.groovy:74)
	at com.kms.katalon.core.webservice.keyword.WSBuiltInKeywords.sendRequestAndVerify(WSBuiltInKeywords.groovy:66)
	at com.kms.katalon.core.webservice.keyword.WSBuiltInKeywords$sendRequestAndVerify.call(Unknown Source)
	at Create_order - Copy.run(Create_order - Copy:24)
	at com.kms.katalon.core.main.ScriptEngine.run(ScriptEngine.java:194)
	at com.kms.katalon.core.main.ScriptEngine.runScriptAsRawText(ScriptEngine.java:119)
	at com.kms.katalon.core.main.TestCaseExecutor.runScript(TestCaseExecutor.java:448)
	at com.kms.katalon.core.main.TestCaseExecutor.doExecute(TestCaseExecutor.java:439)
	at com.kms.katalon.core.main.TestCaseExecutor.processExecutionPhase(TestCaseExecutor.java:418)
	at com.kms.katalon.core.main.TestCaseExecutor.accessMainPhase(TestCaseExecutor.java:410)
	at com.kms.katalon.core.main.TestCaseExecutor.execute(TestCaseExecutor.java:285)
	at com.kms.katalon.core.common.CommonExecutor.accessTestCaseMainPhase(CommonExecutor.java:65)
	at com.kms.katalon.core.main.TestSuiteExecutor.accessTestSuiteMainPhase(TestSuiteExecutor.java:148)
	at com.kms.katalon.core.main.TestSuiteExecutor.execute(TestSuiteExecutor.java:106)
	at com.kms.katalon.core.main.TestCaseMain.startTestSuite(TestCaseMain.java:187)
	at com.kms.katalon.core.main.TestCaseMain$startTestSuite$0.call(Unknown Source)
	at TempTestSuite1688726522872.run(TempTestSuite1688726522872.groovy:36)]]></system-out>
      <system-err><![CDATA[2023-07-07 10:42:06 - [TEST_SUITE][FAILED] - Test_Suite_1: Test Cases/Create_order - Copy FAILED.
Reason:
com.kms.katalon.core.exception.StepFailedException: Expected status code is '200' but actual status code is '401'
	at com.kms.katalon.core.keyword.internal.KeywordMain.stepFailed(KeywordMain.groovy:51)
	at com.kms.katalon.core.webservice.keyword.builtin.VerifyResponseStatusCodeKeyword.verifyStatusCode(VerifyResponseStatusCodeKeyword.groovy:52)
	at com.kms.katalon.core.webservice.keyword.builtin.VerifyResponseStatusCodeKeyword.access$1(VerifyResponseStatusCodeKeyword.groovy)
	at com.kms.katalon.core.webservice.keyword.builtin.VerifyResponseStatusCodeKeyword$_verifyResponseStatusCode_closure1.doCall(VerifyResponseStatusCodeKeyword.groovy:42)
	at com.kms.katalon.core.webservice.keyword.builtin.VerifyResponseStatusCodeKeyword$_verifyResponseStatusCode_closure1.call(VerifyResponseStatusCodeKeyword.groovy)
	at com.kms.katalon.core.keyword.internal.KeywordMain.runKeyword(KeywordMain.groovy:75)
	at com.kms.katalon.core.webservice.keyword.builtin.VerifyResponseStatusCodeKeyword.verifyResponseStatusCode(VerifyResponseStatusCodeKeyword.groovy:37)
	at com.kms.katalon.core.webservice.keyword.builtin.VerifyResponseStatusCodeKeyword.execute(VerifyResponseStatusCodeKeyword.groovy:32)
	at com.kms.katalon.core.keyword.internal.KeywordExecutor.executeKeywordForPlatform(KeywordExecutor.groovy:74)
	at com.kms.katalon.core.webservice.keyword.WSBuiltInKeywords.verifyResponseStatusCode(WSBuiltInKeywords.groovy:345)
	at com.kms.katalon.core.webservice.keyword.WSBuiltInKeywords$verifyResponseStatusCode$0.call(Unknown Source)
	at WSVerification1688726541726.run(WSVerification1688726541726:16)
	at com.kms.katalon.core.main.ScriptEngine.run(ScriptEngine.java:194)
	at com.kms.katalon.core.main.ScriptEngine.runScriptAsRawText(ScriptEngine.java:119)
	at com.kms.katalon.core.main.WSVerificationExecutor.runScript(WSVerificationExecutor.java:180)
	at com.kms.katalon.core.main.WSVerificationExecutor.doExecute(WSVerificationExecutor.java:174)
	at com.kms.katalon.core.main.WSVerificationExecutor.processExecutionPhase(WSVerificationExecutor.java:157)
	at com.kms.katalon.core.main.WSVerificationExecutor.accessMainPhase(WSVerificationExecutor.java:149)
	at com.kms.katalon.core.main.WSVerificationExecutor.execute(WSVerificationExecutor.java:131)
	at com.kms.katalon.core.main.TestCaseMain.runWSVerificationScript(TestCaseMain.java:157)
	at com.kms.katalon.core.main.TestCaseMain$runWSVerificationScript$3.call(Unknown Source)
	at com.kms.katalon.core.webservice.keyword.builtin.SendRequestAndVerifyKeyword.doVerification(SendRequestAndVerifyKeyword.groovy:85)
	at com.kms.katalon.core.webservice.keyword.builtin.SendRequestAndVerifyKeyword.access$0(SendRequestAndVerifyKeyword.groovy)
	at com.kms.katalon.core.webservice.keyword.builtin.SendRequestAndVerifyKeyword$_sendRequestAndVerify_closure1.doCall(SendRequestAndVerifyKeyword.groovy:66)
	at com.kms.katalon.core.webservice.keyword.builtin.SendRequestAndVerifyKeyword$_sendRequestAndVerify_closure1.call(SendRequestAndVerifyKeyword.groovy)
	at com.kms.katalon.core.keyword.internal.KeywordMain.runKeyword(KeywordMain.groovy:75)
	at com.kms.katalon.core.webservice.keyword.builtin.SendRequestAndVerifyKeyword.sendRequestAndVerify(SendRequestAndVerifyKeyword.groovy:54)
	at com.kms.katalon.core.webservice.keyword.builtin.SendRequestAndVerifyKeyword.execute(SendRequestAndVerifyKeyword.groovy:49)
	at com.kms.katalon.core.keyword.internal.KeywordExecutor.executeKeywordForPlatform(KeywordExecutor.groovy:74)
	at com.kms.katalon.core.webservice.keyword.WSBuiltInKeywords.sendRequestAndVerify(WSBuiltInKeywords.groovy:66)
	at com.kms.katalon.core.webservice.keyword.WSBuiltInKeywords$sendRequestAndVerify.call(Unknown Source)
	at Create_order - Copy.run(Create_order - Copy:24)
	at com.kms.katalon.core.main.ScriptEngine.run(ScriptEngine.java:194)
	at com.kms.katalon.core.main.ScriptEngine.runScriptAsRawText(ScriptEngine.java:119)
	at com.kms.katalon.core.main.TestCaseExecutor.runScript(TestCaseExecutor.java:448)
	at com.kms.katalon.core.main.TestCaseExecutor.doExecute(TestCaseExecutor.java:439)
	at com.kms.katalon.core.main.TestCaseExecutor.processExecutionPhase(TestCaseExecutor.java:418)
	at com.kms.katalon.core.main.TestCaseExecutor.accessMainPhase(TestCaseExecutor.java:410)
	at com.kms.katalon.core.main.TestCaseExecutor.execute(TestCaseExecutor.java:285)
	at com.kms.katalon.core.common.CommonExecutor.accessTestCaseMainPhase(CommonExecutor.java:65)
	at com.kms.katalon.core.main.TestSuiteExecutor.accessTestSuiteMainPhase(TestSuiteExecutor.java:148)
	at com.kms.katalon.core.main.TestSuiteExecutor.execute(TestSuiteExecutor.java:106)
	at com.kms.katalon.core.main.TestCaseMain.startTestSuite(TestCaseMain.java:187)
	at com.kms.katalon.core.main.TestCaseMain$startTestSuite$0.call(Unknown Source)
	at TempTestSuite1688726522872.run(TempTestSuite1688726522872.groovy:36)]]></system-err>
   </testsuite>
</testsuites>
